2023-02-27 11:33:02 INFO  Main:36 - saved data reading
2023-02-27 11:33:02 INFO  Main:41 - application start
2023-02-27 11:33:03 INFO  Controller:74 - Main controller initializing
2023-02-27 11:33:06 INFO  NewEditController:91 - new/edit window initializing
2023-02-27 11:33:29 INFO  NewEditController:91 - new/edit window initializing
2023-02-27 11:34:25 INFO  TaskInfoController:25 - task info window initializing
2023-02-27 11:34:25 ERROR Controller:127 - error loading task-info.fxml
2023-02-27 11:34:27 INFO  TaskInfoController:25 - task info window initializing
2024-02-04 20:47:47 INFO  Main:35 - saved data reading
2024-02-04 20:47:47 INFO  Main:40 - application start
2024-02-04 20:47:48 INFO  Controller:74 - Main controller initializing
2024-02-04 20:47:54 INFO  NewEditController:89 - new/edit window initializing
2024-02-04 20:48:29 INFO  NewEditController:89 - new/edit window initializing
2024-02-04 20:49:05 INFO  NewEditController:89 - new/edit window initializing
2024-02-04 20:49:55 INFO  NewEditController:89 - new/edit window initializing
2024-02-04 20:50:19 INFO  NewEditController:89 - new/edit window initializing
2024-02-04 20:50:29 INFO  NewEditController:89 - new/edit window initializing
2024-02-04 20:50:43 INFO  NewEditController:89 - new/edit window initializing
2024-02-04 20:50:48 INFO  NewEditController:89 - new/edit window initializing
2024-02-04 20:51:01 INFO  TaskInfoController:24 - task info window initializing
2024-02-04 20:51:01 ERROR Controller:127 - error loading task-info.fxml
2024-02-04 20:51:03 INFO  TaskInfoController:24 - task info window initializing
2024-02-05 11:47:15 INFO  Main:35 - saved data reading
2024-02-05 11:47:15 INFO  Main:40 - application start
2024-02-05 11:47:17 INFO  Controller:74 - Main controller initializing
2024-02-05 11:48:28 INFO  TaskInfoController:24 - task info window initializing
2024-02-29 17:48:41 INFO  Main:35 - saved data reading
2024-02-29 17:48:41 INFO  Main:40 - application start
2024-02-29 17:48:42 INFO  Controller:74 - Main controller initializing
2024-03-12 14:17:47 INFO  Main:35 - saved data reading
2024-03-12 14:17:47 ERROR TaskIO:82 - IO exception reading or writing file
2024-03-12 14:17:47 INFO  Main:40 - application start
2024-03-12 14:17:47 INFO  Controller:74 - Main controller initializing
2024-03-12 14:18:16 INFO  Main:35 - saved data reading
2024-03-12 14:18:16 ERROR TaskIO:82 - IO exception reading or writing file
2024-03-12 14:18:16 INFO  Main:40 - application start
2024-03-12 14:18:16 INFO  Controller:74 - Main controller initializing
2024-03-12 14:18:30 INFO  NewEditController:89 - new/edit window initializing
2024-03-26 13:22:49 INFO  Notificator:62 - push notification showing
2024-03-26 13:22:49 ERROR Notificator:56 - thread interrupted exception
2024-03-26 14:16:18 INFO  Notificator:62 - push notification showing
2024-03-26 14:16:18 ERROR Notificator:56 - thread interrupted exception
2024-03-26 14:16:20 INFO  Notificator:62 - push notification showing
2024-03-26 14:16:20 ERROR Notificator:56 - thread interrupted exception
2024-03-26 14:45:11 ERROR Task:37 - time below bound
2024-03-26 14:45:11 ERROR Task:37 - time below bound
2024-03-26 14:45:11 ERROR Task:37 - time below bound
2024-03-26 14:45:11 ERROR Task:37 - time below bound
2024-03-26 14:45:11 ERROR Task:37 - time below bound
2024-03-26 14:49:38 ERROR Task:37 - time below bound
2024-03-26 14:49:38 ERROR Task:37 - time below bound
2024-03-26 14:49:38 ERROR Task:37 - time below bound
2024-03-26 14:49:38 ERROR Task:37 - time below bound
2024-03-26 14:49:38 ERROR Task:37 - time below bound
2024-03-26 14:53:14 ERROR Task:37 - time below bound
2024-03-26 14:53:40 ERROR Task:37 - time below bound
2024-03-26 14:53:40 ERROR Task:37 - time below bound
2024-03-26 14:53:40 ERROR Task:37 - time below bound
2024-03-26 14:53:40 ERROR Task:37 - time below bound
2024-03-26 14:53:40 ERROR Task:37 - time below bound
2024-03-26 14:54:31 ERROR Task:37 - time below bound
2024-03-26 14:54:31 ERROR Task:37 - time below bound
2024-03-26 14:54:31 ERROR Task:37 - time below bound
2024-03-26 14:54:31 ERROR Task:37 - time below bound
2024-03-26 14:54:31 ERROR Task:37 - time below bound
2024-03-26 14:54:57 ERROR Task:37 - time below bound
2024-03-26 14:54:57 ERROR Task:37 - time below bound
2024-03-26 14:54:57 ERROR Task:37 - time below bound
2024-03-26 14:54:57 ERROR Task:37 - time below bound
2024-03-26 14:54:57 ERROR Task:37 - time below bound
2024-04-09 13:22:08 ERROR LinkedTaskList:57 - removing task that doesn't exist
